D:\AUDIO CAP AND PLAY\LIBFAAD\RELEASE\PS_SYNTAX.OBJ
D:\AUDIO CAP AND PLAY\LIBFAAD\RELEASE\PS_DEC.OBJ
D:\AUDIO CAP AND PLAY\LIBFAAD\RELEASE\PNS.OBJ
D:\AUDIO CAP AND PLAY\LIBFAAD\RELEASE\OUTPUT.OBJ
D:\AUDIO CAP AND PLAY\LIBFAAD\RELEASE\MS.OBJ
D:\AUDIO CAP AND PLAY\LIBFAAD\RELEASE\MP4.OBJ
D:\AUDIO CAP AND PLAY\LIBFAAD\RELEASE\MDCT.OBJ
D:\AUDIO CAP AND PLAY\LIBFAAD\RELEASE\LT_PREDICT.OBJ
D:\AUDIO CAP AND PLAY\LIBFAAD\RELEASE\IS.OBJ
D:\AUDIO CAP AND PLAY\LIBFAAD\RELEASE\IC_PREDICT.OBJ
D:\AUDIO CAP AND PLAY\LIBFAAD\RELEASE\HUFFMAN.OBJ
D:\AUDIO CAP AND PLAY\LIBFAAD\RELEASE\HCR.OBJ
D:\AUDIO CAP AND PLAY\LIBFAAD\RELEASE\FILTBANK.OBJ
D:\AUDIO CAP AND PLAY\LIBFAAD\RELEASE\ERROR.OBJ
D:\AUDIO CAP AND PLAY\LIBFAAD\RELEASE\DRM_DEC.OBJ
D:\AUDIO CAP AND PLAY\LIBFAAD\RELEASE\DRC.OBJ
D:\AUDIO CAP AND PLAY\LIBFAAD\RELEASE\DECODER.OBJ
D:\AUDIO CAP AND PLAY\LIBFAAD\RELEASE\COMMON.OBJ
D:\AUDIO CAP AND PLAY\LIBFAAD\RELEASE\CFFT.OBJ
D:\AUDIO CAP AND PLAY\LIBFAAD\RELEASE\BITS.OBJ
D:\AUDIO CAP AND PLAY\LIBFAAD\RELEASE\TNS.OBJ
D:\AUDIO CAP AND PLAY\LIBFAAD\RELEASE\SYNTAX.OBJ
D:\AUDIO CAP AND PLAY\LIBFAAD\RELEASE\SSR_IPQF.OBJ
D:\AUDIO CAP AND PLAY\LIBFAAD\RELEASE\SSR_FB.OBJ
D:\AUDIO CAP AND PLAY\LIBFAAD\RELEASE\SSR.OBJ
D:\AUDIO CAP AND PLAY\LIBFAAD\RELEASE\SPECREC.OBJ
D:\AUDIO CAP AND PLAY\LIBFAAD\RELEASE\SBR_TF_GRID.OBJ
D:\AUDIO CAP AND PLAY\LIBFAAD\RELEASE\SBR_SYNTAX.OBJ
D:\AUDIO CAP AND PLAY\LIBFAAD\RELEASE\SBR_QMF.OBJ
D:\AUDIO CAP AND PLAY\LIBFAAD\RELEASE\SBR_HUFF.OBJ
D:\AUDIO CAP AND PLAY\LIBFAAD\RELEASE\SBR_HFGEN.OBJ
D:\AUDIO CAP AND PLAY\LIBFAAD\RELEASE\SBR_HFADJ.OBJ
D:\AUDIO CAP AND PLAY\LIBFAAD\RELEASE\SBR_FBT.OBJ
D:\AUDIO CAP AND PLAY\LIBFAAD\RELEASE\SBR_E_NF.OBJ
D:\AUDIO CAP AND PLAY\LIBFAAD\RELEASE\SBR_DEC.OBJ
D:\AUDIO CAP AND PLAY\LIBFAAD\RELEASE\SBR_DCT.OBJ
D:\AUDIO CAP AND PLAY\LIBFAAD\RELEASE\RVLC.OBJ
D:\AUDIO CAP AND PLAY\LIBFAAD\RELEASE\PULSE.OBJ
D:\AUDIO CAP AND PLAY\LIBFAAD\RELEASE\VC110.PDB
D:\AUDIO CAP AND PLAY\LIBFAAD\RELEASE\LIBFAAD.LIB
D:\Audio Cap and Play\libfaad\Release\bits.obj
D:\Audio Cap and Play\libfaad\Release\cfft.obj
D:\Audio Cap and Play\libfaad\Release\common.obj
D:\Audio Cap and Play\libfaad\Release\decoder.obj
D:\Audio Cap and Play\libfaad\Release\drc.obj
D:\Audio Cap and Play\libfaad\Release\drm_dec.obj
D:\Audio Cap and Play\libfaad\Release\error.obj
D:\Audio Cap and Play\libfaad\Release\filtbank.obj
D:\Audio Cap and Play\libfaad\Release\hcr.obj
D:\Audio Cap and Play\libfaad\Release\huffman.obj
D:\Audio Cap and Play\libfaad\Release\ic_predict.obj
D:\Audio Cap and Play\libfaad\Release\is.obj
D:\Audio Cap and Play\libfaad\Release\lt_predict.obj
D:\Audio Cap and Play\libfaad\Release\mdct.obj
D:\Audio Cap and Play\libfaad\Release\mp4.obj
D:\Audio Cap and Play\libfaad\Release\ms.obj
D:\Audio Cap and Play\libfaad\Release\output.obj
D:\Audio Cap and Play\libfaad\Release\pns.obj
D:\Audio Cap and Play\libfaad\Release\ps_dec.obj
D:\Audio Cap and Play\libfaad\Release\ps_syntax.obj
D:\Audio Cap and Play\libfaad\Release\pulse.obj
D:\Audio Cap and Play\libfaad\Release\rvlc.obj
D:\Audio Cap and Play\libfaad\Release\sbr_dct.obj
D:\Audio Cap and Play\libfaad\Release\sbr_dec.obj
D:\Audio Cap and Play\libfaad\Release\sbr_e_nf.obj
D:\Audio Cap and Play\libfaad\Release\sbr_fbt.obj
D:\Audio Cap and Play\libfaad\Release\sbr_hfadj.obj
D:\Audio Cap and Play\libfaad\Release\sbr_hfgen.obj
D:\Audio Cap and Play\libfaad\Release\sbr_huff.obj
D:\Audio Cap and Play\libfaad\Release\sbr_qmf.obj
D:\Audio Cap and Play\libfaad\Release\sbr_syntax.obj
D:\Audio Cap and Play\libfaad\Release\sbr_tf_grid.obj
D:\Audio Cap and Play\libfaad\Release\specrec.obj
D:\Audio Cap and Play\libfaad\Release\ssr.obj
D:\Audio Cap and Play\libfaad\Release\ssr_fb.obj
D:\Audio Cap and Play\libfaad\Release\ssr_ipqf.obj
D:\Audio Cap and Play\libfaad\Release\syntax.obj
D:\Audio Cap and Play\libfaad\Release\tns.obj
D:\Audio Cap and Play\libfaad\Release\cl.command.1.tlog
D:\Audio Cap and Play\libfaad\Release\CL.read.1.tlog
D:\Audio Cap and Play\libfaad\Release\CL.write.1.tlog
D:\Audio Cap and Play\libfaad\Release\Lib-link.read.1.tlog
D:\Audio Cap and Play\libfaad\Release\Lib-link.write.1.tlog
D:\Audio Cap and Play\libfaad\Release\lib.command.1.tlog
D:\Audio Cap and Play\libfaad\Release\vc110.pdb
D:\Audio Cap and Play\libfaad\.\Release\libfaad.lib
