D:\AUDIO CAP AND PLAY\LIBFAAD\DEBUG\PS_SYNTAX.OBJ
D:\AUDIO CAP AND PLAY\LIBFAAD\DEBUG\PS_DEC.OBJ
D:\AUDIO CAP AND PLAY\LIBFAAD\DEBUG\PNS.OBJ
D:\AUDIO CAP AND PLAY\LIBFAAD\DEBUG\OUTPUT.OBJ
D:\AUDIO CAP AND PLAY\LIBFAAD\DEBUG\MS.OBJ
D:\AUDIO CAP AND PLAY\LIBFAAD\DEBUG\MP4.OBJ
D:\AUDIO CAP AND PLAY\LIBFAAD\DEBUG\MDCT.OBJ
D:\AUDIO CAP AND PLAY\LIBFAAD\DEBUG\LT_PREDICT.OBJ
D:\AUDIO CAP AND PLAY\LIBFAAD\DEBUG\IS.OBJ
D:\AUDIO CAP AND PLAY\LIBFAAD\DEBUG\IC_PREDICT.OBJ
D:\AUDIO CAP AND PLAY\LIBFAAD\DEBUG\HUFFMAN.OBJ
D:\AUDIO CAP AND PLAY\LIBFAAD\DEBUG\HCR.OBJ
D:\AUDIO CAP AND PLAY\LIBFAAD\DEBUG\FILTBANK.OBJ
D:\AUDIO CAP AND PLAY\LIBFAAD\DEBUG\ERROR.OBJ
D:\AUDIO CAP AND PLAY\LIBFAAD\DEBUG\DRM_DEC.OBJ
D:\AUDIO CAP AND PLAY\LIBFAAD\DEBUG\DRC.OBJ
D:\AUDIO CAP AND PLAY\LIBFAAD\DEBUG\DECODER.OBJ
D:\AUDIO CAP AND PLAY\LIBFAAD\DEBUG\COMMON.OBJ
D:\AUDIO CAP AND PLAY\LIBFAAD\DEBUG\CFFT.OBJ
D:\AUDIO CAP AND PLAY\LIBFAAD\DEBUG\BITS.OBJ
D:\AUDIO CAP AND PLAY\LIBFAAD\DEBUG\TNS.OBJ
D:\AUDIO CAP AND PLAY\LIBFAAD\DEBUG\SYNTAX.OBJ
D:\AUDIO CAP AND PLAY\LIBFAAD\DEBUG\SSR_IPQF.OBJ
D:\AUDIO CAP AND PLAY\LIBFAAD\DEBUG\SSR_FB.OBJ
D:\AUDIO CAP AND PLAY\LIBFAAD\DEBUG\SSR.OBJ
D:\AUDIO CAP AND PLAY\LIBFAAD\DEBUG\SPECREC.OBJ
D:\AUDIO CAP AND PLAY\LIBFAAD\DEBUG\SBR_TF_GRID.OBJ
D:\AUDIO CAP AND PLAY\LIBFAAD\DEBUG\SBR_SYNTAX.OBJ
D:\AUDIO CAP AND PLAY\LIBFAAD\DEBUG\SBR_QMF.OBJ
D:\AUDIO CAP AND PLAY\LIBFAAD\DEBUG\SBR_HUFF.OBJ
D:\AUDIO CAP AND PLAY\LIBFAAD\DEBUG\SBR_HFGEN.OBJ
D:\AUDIO CAP AND PLAY\LIBFAAD\DEBUG\SBR_HFADJ.OBJ
D:\AUDIO CAP AND PLAY\LIBFAAD\DEBUG\SBR_FBT.OBJ
D:\AUDIO CAP AND PLAY\LIBFAAD\DEBUG\SBR_E_NF.OBJ
D:\AUDIO CAP AND PLAY\LIBFAAD\DEBUG\SBR_DEC.OBJ
D:\AUDIO CAP AND PLAY\LIBFAAD\DEBUG\SBR_DCT.OBJ
D:\AUDIO CAP AND PLAY\LIBFAAD\DEBUG\RVLC.OBJ
D:\AUDIO CAP AND PLAY\LIBFAAD\DEBUG\PULSE.OBJ
D:\AUDIO CAP AND PLAY\LIBFAAD\DEBUG\VC110.PDB
D:\AUDIO CAP AND PLAY\LIBFAAD\DEBUG\LIBFAAD.LIB
D:\Audio Cap and Play\libfaad\Debug\bits.obj
D:\Audio Cap and Play\libfaad\Debug\cfft.obj
D:\Audio Cap and Play\libfaad\Debug\common.obj
D:\Audio Cap and Play\libfaad\Debug\decoder.obj
D:\Audio Cap and Play\libfaad\Debug\drc.obj
D:\Audio Cap and Play\libfaad\Debug\drm_dec.obj
D:\Audio Cap and Play\libfaad\Debug\error.obj
D:\Audio Cap and Play\libfaad\Debug\filtbank.obj
D:\Audio Cap and Play\libfaad\Debug\hcr.obj
D:\Audio Cap and Play\libfaad\Debug\huffman.obj
D:\Audio Cap and Play\libfaad\Debug\ic_predict.obj
D:\Audio Cap and Play\libfaad\Debug\is.obj
D:\Audio Cap and Play\libfaad\Debug\lt_predict.obj
D:\Audio Cap and Play\libfaad\Debug\mdct.obj
D:\Audio Cap and Play\libfaad\Debug\mp4.obj
D:\Audio Cap and Play\libfaad\Debug\ms.obj
D:\Audio Cap and Play\libfaad\Debug\output.obj
D:\Audio Cap and Play\libfaad\Debug\pns.obj
D:\Audio Cap and Play\libfaad\Debug\ps_dec.obj
D:\Audio Cap and Play\libfaad\Debug\ps_syntax.obj
D:\Audio Cap and Play\libfaad\Debug\pulse.obj
D:\Audio Cap and Play\libfaad\Debug\rvlc.obj
D:\Audio Cap and Play\libfaad\Debug\sbr_dct.obj
D:\Audio Cap and Play\libfaad\Debug\sbr_dec.obj
D:\Audio Cap and Play\libfaad\Debug\sbr_e_nf.obj
D:\Audio Cap and Play\libfaad\Debug\sbr_fbt.obj
D:\Audio Cap and Play\libfaad\Debug\sbr_hfadj.obj
D:\Audio Cap and Play\libfaad\Debug\sbr_hfgen.obj
D:\Audio Cap and Play\libfaad\Debug\sbr_huff.obj
D:\Audio Cap and Play\libfaad\Debug\sbr_qmf.obj
D:\Audio Cap and Play\libfaad\Debug\sbr_syntax.obj
D:\Audio Cap and Play\libfaad\Debug\sbr_tf_grid.obj
D:\Audio Cap and Play\libfaad\Debug\specrec.obj
D:\Audio Cap and Play\libfaad\Debug\ssr.obj
D:\Audio Cap and Play\libfaad\Debug\ssr_fb.obj
D:\Audio Cap and Play\libfaad\Debug\ssr_ipqf.obj
D:\Audio Cap and Play\libfaad\Debug\syntax.obj
D:\Audio Cap and Play\libfaad\Debug\tns.obj
D:\Audio Cap and Play\libfaad\Debug\cl.command.1.tlog
D:\Audio Cap and Play\libfaad\Debug\CL.read.1.tlog
D:\Audio Cap and Play\libfaad\Debug\CL.write.1.tlog
D:\Audio Cap and Play\libfaad\Debug\Lib-link.read.1.tlog
D:\Audio Cap and Play\libfaad\Debug\Lib-link.write.1.tlog
D:\Audio Cap and Play\libfaad\Debug\lib.command.1.tlog
D:\Audio Cap and Play\libfaad\Debug\vc110.idb
D:\Audio Cap and Play\libfaad\Debug\vc110.pdb
D:\Audio Cap and Play\libfaad\.\Debug\libfaad.lib
