D:\AUDIO CAP AND PLAY\LIBFAAC\RELEASE\UTIL.OBJ
D:\AUDIO CAP AND PLAY\LIBFAAC\RELEASE\TNS.OBJ
D:\AUDIO CAP AND PLAY\LIBFAAC\RELEASE\PSYCHKNI.OBJ
D:\AUDIO CAP AND PLAY\LIBFAAC\RELEASE\MIDSIDE.OBJ
D:\AUDIO CAP AND PLAY\LIBFAAC\RELEASE\LTP.OBJ
D:\AUDIO CAP AND PLAY\LIBFAAC\RELEASE\HUFFMAN.OBJ
D:\AUDIO CAP AND PLAY\LIBFAAC\RELEASE\FRAME.OBJ
D:\AUDIO CAP AND PLAY\LIBFAAC\RELEASE\FILTBANK.OBJ
D:\AUDIO CAP AND PLAY\LIBFAAC\RELEASE\FFT.OBJ
D:\AUDIO CAP AND PLAY\LIBFAAC\RELEASE\CHANNELS.OBJ
D:\AUDIO CAP AND PLAY\LIBFAAC\RELEASE\BITSTREAM.OBJ
D:\AUDIO CAP AND PLAY\LIBFAAC\RELEASE\BACKPRED.OBJ
D:\AUDIO CAP AND PLAY\LIBFAAC\RELEASE\AACQUANT.OBJ
D:\AUDIO CAP AND PLAY\LIBFAAC\RELEASE\VC110.PDB
D:\AUDIO CAP AND PLAY\LIBFAAC\RELEASE\LIBFAAC.LIB
D:\Audio Cap and Play\libfaac\Release\aacquant.obj
D:\Audio Cap and Play\libfaac\Release\backpred.obj
D:\Audio Cap and Play\libfaac\Release\bitstream.obj
D:\Audio Cap and Play\libfaac\Release\channels.obj
D:\Audio Cap and Play\libfaac\Release\fft.obj
D:\Audio Cap and Play\libfaac\Release\filtbank.obj
D:\Audio Cap and Play\libfaac\Release\frame.obj
D:\Audio Cap and Play\libfaac\Release\huffman.obj
D:\Audio Cap and Play\libfaac\Release\ltp.obj
D:\Audio Cap and Play\libfaac\Release\midside.obj
D:\Audio Cap and Play\libfaac\Release\psychkni.obj
D:\Audio Cap and Play\libfaac\Release\tns.obj
D:\Audio Cap and Play\libfaac\Release\util.obj
D:\Audio Cap and Play\libfaac\Release\cl.command.1.tlog
D:\Audio Cap and Play\libfaac\Release\CL.read.1.tlog
D:\Audio Cap and Play\libfaac\Release\CL.write.1.tlog
D:\Audio Cap and Play\libfaac\Release\Lib-link.read.1.tlog
D:\Audio Cap and Play\libfaac\Release\Lib-link.write.1.tlog
D:\Audio Cap and Play\libfaac\Release\lib.command.1.tlog
D:\Audio Cap and Play\libfaac\Release\vc110.pdb
D:\Audio Cap and Play\libfaac\.\Release\libfaac.lib
