生成启动时间为 2013/7/28 20:36:55。
     1>项目“D:\Audio Cap and Play\libfaac\libfaac.vcxproj”在节点 2 上(Rebuild 个目标)。
     1>ClCompile:
         C:\Program Files (x86)\Microsoft Visual Studio 11.0\VC\bin\CL.exe /c /I../include /Zi /nologo /W3 /WX- /O2 /Ob1 /Oy- /D WIN32 /D NDEBUG /D _LIB /D _VC80_UPGRADE=0x0700 /D _MBCS /GF /Gm- /EHsc /MT /GS /Gy /fp:precise /Zc:wchar_t /Zc:forScope /Fo".\Release/" /Fd".\Release/vc110.pdb" /Gd /TC /analyze- /errorReport:prompt aacquant.c backpred.c bitstream.c channels.c fft.c filtbank.c frame.c huffman.c ltp.c midside.c psychkni.c tns.c util.c
         aacquant.c
     1>aacquant.c(198): warning C4244: “函数”: 从“double”转换到“int”，可能丢失数据
     1>aacquant.c(337): warning C4307: “*”: 整型常量溢出
     1>aacquant.c(337): warning C4244: “=”: 从“double”转换到“float”，可能丢失数据
     1>aacquant.c(446): warning C4244: “=”: 从“double”转换到“int”，可能丢失数据
     1>aacquant.c(447): warning C4244: “=”: 从“double”转换到“int”，可能丢失数据
     1>aacquant.c(602): warning C4244: “=”: 从“double”转换到“int”，可能丢失数据
     1>aacquant.c(614): warning C4244: “=”: 从“double”转换到“int”，可能丢失数据
         backpred.c
         bitstream.c
     1>bitstream.c(122): warning C4996: 'sprintf': This function or variable may be unsafe. Consider using sprintf_s instead. To disable deprecation, use _CRT_SECURE_NO_WARNINGS. See online help for details.
                 C:\Program Files (x86)\Microsoft Visual Studio 11.0\VC\include\stdio.h(357) : 参见“sprintf”的声明
         channels.c
         fft.c
     1>fft.c(614): warning C4244: “=”: 从“double”转换到“fftfloat”，可能丢失数据
     1>fft.c(615): warning C4244: “=”: 从“double”转换到“fftfloat”，可能丢失数据
         filtbank.c
         frame.c
     1>frame.c(235): warning C4244: “=”: 从“double”转换到“unsigned int”，可能丢失数据
     1>frame.c(241): warning C4244: “=”: 从“double”转换到“unsigned int”，可能丢失数据
     1>frame.c(242): warning C4244: “=”: 从“double”转换到“unsigned long”，可能丢失数据
     1>frame.c(245): warning C4018: “>”: 有符号/无符号不匹配
     1>frame.c(330): warning C4244: “=”: 从“const double”转换到“unsigned int”，可能丢失数据
     1>frame.c(331): warning C4018: “>”: 有符号/无符号不匹配
     1>frame.c(533): warning C4018: “<”: 有符号/无符号不匹配
     1>frame.c(545): warning C4018: “<”: 有符号/无符号不匹配
     1>frame.c(557): warning C4018: “<”: 有符号/无符号不匹配
         huffman.c
         ltp.c
         midside.c
         psychkni.c
     1>psychkni.c(346): warning C4244: “=”: 从“double”转换到“int”，可能丢失数据
     1>psychkni.c(393): warning C4244: “=”: 从“double”转换到“psyfloat”，可能丢失数据
         tns.c
         util.c
         正在生成代码...
       Lib:
         C:\Program Files (x86)\Microsoft Visual Studio 11.0\VC\bin\Lib.exe /OUT:".\Release\libfaac.lib" /NOLOGO .\Release/aacquant.obj
         .\Release/backpred.obj
         .\Release/bitstream.obj
         .\Release/channels.obj
         .\Release/fft.obj
         .\Release/filtbank.obj
         .\Release/frame.obj
         .\Release/huffman.obj
         .\Release/ltp.obj
         .\Release/midside.obj
         .\Release/psychkni.obj
         .\Release/tns.obj
         .\Release/util.obj
         libfaac.vcxproj -> D:\Audio Cap and Play\libfaac\.\Release\libfaac.lib
     1>已完成生成项目“D:\Audio Cap and Play\libfaac\libfaac.vcxproj”(Rebuild 个目标)的操作。

生成成功。

已用时间 00:00:01.98
