D:\AUDIO CAP AND PLAY\LIBFAAC\DEBUG\UTIL.OBJ
D:\AUDIO CAP AND PLAY\LIBFAAC\DEBUG\TNS.OBJ
D:\AUDIO CAP AND PLAY\LIBFAAC\DEBUG\PSYCHKNI.OBJ
D:\AUDIO CAP AND PLAY\LIBFAAC\DEBUG\MIDSIDE.OBJ
D:\AUDIO CAP AND PLAY\LIBFAAC\DEBUG\LTP.OBJ
D:\AUDIO CAP AND PLAY\LIBFAAC\DEBUG\HUFFMAN.OBJ
D:\AUDIO CAP AND PLAY\LIBFAAC\DEBUG\FRAME.OBJ
D:\AUDIO CAP AND PLAY\LIBFAAC\DEBUG\FILTBANK.OBJ
D:\AUDIO CAP AND PLAY\LIBFAAC\DEBUG\FFT.OBJ
D:\AUDIO CAP AND PLAY\LIBFAAC\DEBUG\CHANNELS.OBJ
D:\AUDIO CAP AND PLAY\LIBFAAC\DEBUG\BITSTREAM.OBJ
D:\AUDIO CAP AND PLAY\LIBFAAC\DEBUG\BACKPRED.OBJ
D:\AUDIO CAP AND PLAY\LIBFAAC\DEBUG\AACQUANT.OBJ
D:\AUDIO CAP AND PLAY\LIBFAAC\DEBUG\VC110.PDB
D:\AUDIO CAP AND PLAY\LIBFAAC\DEBUGDLL\LIBFAAC_DLL.LIB
D:\Audio Cap and Play\libfaac\Debug\aacquant.obj
D:\Audio Cap and Play\libfaac\Debug\backpred.obj
D:\Audio Cap and Play\libfaac\Debug\bitstream.obj
D:\Audio Cap and Play\libfaac\Debug\channels.obj
D:\Audio Cap and Play\libfaac\Debug\fft.obj
D:\Audio Cap and Play\libfaac\Debug\filtbank.obj
D:\Audio Cap and Play\libfaac\Debug\frame.obj
D:\Audio Cap and Play\libfaac\Debug\huffman.obj
D:\Audio Cap and Play\libfaac\Debug\ltp.obj
D:\Audio Cap and Play\libfaac\Debug\midside.obj
D:\Audio Cap and Play\libfaac\Debug\psychkni.obj
D:\Audio Cap and Play\libfaac\Debug\tns.obj
D:\Audio Cap and Play\libfaac\Debug\util.obj
D:\Audio Cap and Play\libfaac\Debug\cl.command.1.tlog
D:\Audio Cap and Play\libfaac\Debug\CL.read.1.tlog
D:\Audio Cap and Play\libfaac\Debug\CL.write.1.tlog
D:\Audio Cap and Play\libfaac\Debug\Lib-link.read.1.tlog
D:\Audio Cap and Play\libfaac\Debug\Lib-link.write.1.tlog
D:\Audio Cap and Play\libfaac\Debug\lib.command.1.tlog
D:\Audio Cap and Play\libfaac\Debug\vc110.idb
D:\Audio Cap and Play\libfaac\Debug\vc110.pdb
D:\Audio Cap and Play\libfaac\.\DebugDLL\libfaac_dll.lib
